{"C:\\Users\\rahma\\Coding Practice\\Lap 4\\Project\\mt-be-s1\\app.js": {"path":"C:\\Users\\rahma\\Coding Practice\\Lap 4\\Project\\mt-be-s1\\app.js","statementMap":{"0":{"start":{"line":1,"column":16},"end":{"line":1,"column":34}},"1":{"start":{"line":2,"column":13},"end":{"line":2,"column":28}},"2":{"start":{"line":3,"column":26},"end":{"line":3,"column":56}},"3":{"start":{"line":4,"column":15},"end":{"line":4,"column":32}},"4":{"start":{"line":6,"column":11},"end":{"line":6,"column":24}},"5":{"start":{"line":7,"column":13},"end":{"line":7,"column":28}},"6":{"start":{"line":9,"column":18},"end":{"line":9,"column":48}},"7":{"start":{"line":10,"column":19},"end":{"line":10,"column":41}},"8":{"start":{"line":11,"column":24},"end":{"line":11,"column":59}},"9":{"start":{"line":13,"column":25},"end":{"line":13,"column":53}},"10":{"start":{"line":15,"column":0},"end":{"line":17,"column":1}},"11":{"start":{"line":16,"column":2},"end":{"line":16,"column":33}},"12":{"start":{"line":19,"column":12},"end":{"line":19,"column":21}},"13":{"start":{"line":22,"column":0},"end":{"line":22,"column":16}},"14":{"start":{"line":23,"column":0},"end":{"line":23,"column":24}},"15":{"start":{"line":24,"column":0},"end":{"line":24,"column":19}},"16":{"start":{"line":25,"column":0},"end":{"line":25,"column":60}},"17":{"start":{"line":27,"column":16},"end":{"line":27,"column":38}},"18":{"start":{"line":28,"column":15},"end":{"line":28,"column":43}},"19":{"start":{"line":50,"column":0},"end":{"line":55,"column":3}},"20":{"start":{"line":51,"column":2},"end":{"line":54,"column":5}},"21":{"start":{"line":58,"column":0},"end":{"line":58,"column":70}},"22":{"start":{"line":61,"column":0},"end":{"line":63,"column":3}},"23":{"start":{"line":62,"column":2},"end":{"line":62,"column":30}},"24":{"start":{"line":65,"column":0},"end":{"line":65,"column":41}}},"fnMap":{"0":{"name":"(anonymous_0)","decl":{"start":{"line":50,"column":13},"end":{"line":50,"column":14}},"loc":{"start":{"line":50,"column":27},"end":{"line":55,"column":1}},"line":50},"1":{"name":"(anonymous_1)","decl":{"start":{"line":61,"column":25},"end":{"line":61,"column":26}},"loc":{"start":{"line":61,"column":45},"end":{"line":63,"column":1}},"line":61}},"branchMap":{"0":{"loc":{"start":{"line":15,"column":0},"end":{"line":17,"column":1}},"type":"if","locations":[{"start":{"line":15,"column":0},"end":{"line":17,"column":1}},{"start":{},"end":{}}],"line":15}},"s":{"0":2,"1":2,"2":2,"3":2,"4":2,"5":2,"6":2,"7":2,"8":2,"9":2,"10":2,"11":0,"12":2,"13":2,"14":2,"15":2,"16":2,"17":2,"18":2,"19":2,"20":1,"21":2,"22":2,"23":0,"24":2},"f":{"0":1,"1":0},"b":{"0":[0,2]},"_coverageSchema":"1a1c01bbd47fc00a2c39e90264f33305004495a9","hash":"618b7eb9a62ff020401e1c2eadb5d33a170ff55f"}
,"C:\\Users\\rahma\\Coding Practice\\Lap 4\\Project\\mt-be-s1\\index.js": {"path":"C:\\Users\\rahma\\Coding Practice\\Lap 4\\Project\\mt-be-s1\\index.js","statementMap":{"0":{"start":{"line":1,"column":0},"end":{"line":1,"column":27}},"1":{"start":{"line":3,"column":12},"end":{"line":3,"column":28}},"2":{"start":{"line":5,"column":0},"end":{"line":7,"column":3}},"3":{"start":{"line":6,"column":2},"end":{"line":6,"column":62}}},"fnMap":{"0":{"name":"(anonymous_0)","decl":{"start":{"line":5,"column":29},"end":{"line":5,"column":30}},"loc":{"start":{"line":5,"column":35},"end":{"line":7,"column":1}},"line":5}},"branchMap":{},"s":{"0":1,"1":1,"2":1,"3":1},"f":{"0":1},"b":{},"_coverageSchema":"1a1c01bbd47fc00a2c39e90264f33305004495a9","hash":"1b2e12e662d1496d76e3b2141a13676dfe7c8b17"}
,"C:\\Users\\rahma\\Coding Practice\\Lap 4\\Project\\mt-be-s1\\Database\\connect.js": {"path":"C:\\Users\\rahma\\Coding Practice\\Lap 4\\Project\\mt-be-s1\\Database\\connect.js","statementMap":{"0":{"start":{"line":1,"column":17},"end":{"line":1,"column":30}},"1":{"start":{"line":3,"column":11},"end":{"line":8,"column":2}},"2":{"start":{"line":10,"column":0},"end":{"line":10,"column":20}}},"fnMap":{},"branchMap":{},"s":{"0":2,"1":2,"2":2},"f":{},"b":{},"_coverageSchema":"1a1c01bbd47fc00a2c39e90264f33305004495a9","hash":"325b7680002b9afed9d2e6a08d79eba1fa2ae284"}
,"C:\\Users\\rahma\\Coding Practice\\Lap 4\\Project\\mt-be-s1\\Database\\setup.js": {"path":"C:\\Users\\rahma\\Coding Practice\\Lap 4\\Project\\mt-be-s1\\Database\\setup.js","statementMap":{"0":{"start":{"line":1,"column":0},"end":{"line":1,"column":27}},"1":{"start":{"line":3,"column":11},"end":{"line":3,"column":24}},"2":{"start":{"line":5,"column":11},"end":{"line":5,"column":31}},"3":{"start":{"line":7,"column":12},"end":{"line":7,"column":65}},"4":{"start":{"line":9,"column":0},"end":{"line":9,"column":16}},"5":{"start":{"line":11,"column":22},"end":{"line":20,"column":1}},"6":{"start":{"line":12,"column":2},"end":{"line":19,"column":3}},"7":{"start":{"line":13,"column":17},"end":{"line":13,"column":36}},"8":{"start":{"line":14,"column":4},"end":{"line":14,"column":34}},"9":{"start":{"line":16,"column":4},"end":{"line":16,"column":23}},"10":{"start":{"line":18,"column":4},"end":{"line":18,"column":13}},"11":{"start":{"line":22,"column":0},"end":{"line":22,"column":16}},"12":{"start":{"line":24,"column":0},"end":{"line":24,"column":31}}},"fnMap":{"0":{"name":"(anonymous_0)","decl":{"start":{"line":11,"column":22},"end":{"line":11,"column":23}},"loc":{"start":{"line":11,"column":34},"end":{"line":20,"column":1}},"line":11}},"branchMap":{},"s":{"0":1,"1":1,"2":1,"3":1,"4":1,"5":1,"6":3,"7":3,"8":1,"9":1,"10":2,"11":1,"12":1},"f":{"0":3},"b":{},"_coverageSchema":"1a1c01bbd47fc00a2c39e90264f33305004495a9","hash":"20c10f2eb8c9751169fa85e74820b24c867a87e7"}
,"C:\\Users\\rahma\\Coding Practice\\Lap 4\\Project\\mt-be-s1\\Services\\PromptAI.js": {"path":"C:\\Users\\rahma\\Coding Practice\\Lap 4\\Project\\mt-be-s1\\Services\\PromptAI.js","statementMap":{"0":{"start":{"line":1,"column":15},"end":{"line":1,"column":32}},"1":{"start":{"line":2,"column":0},"end":{"line":2,"column":27}},"2":{"start":{"line":3,"column":17},"end":{"line":3,"column":36}},"3":{"start":{"line":5,"column":15},"end":{"line":7,"column":2}},"4":{"start":{"line":8,"column":26},"end":{"line":14,"column":1}},"5":{"start":{"line":19,"column":2},"end":{"line":24,"column":5}},"6":{"start":{"line":25,"column":25},"end":{"line":30,"column":4}},"7":{"start":{"line":31,"column":16},"end":{"line":31,"column":57}},"8":{"start":{"line":32,"column":2},"end":{"line":35,"column":5}},"9":{"start":{"line":37,"column":2},"end":{"line":37,"column":15}},"10":{"start":{"line":64,"column":0},"end":{"line":64,"column":68}}},"fnMap":{"0":{"name":"callOpenAIWithTranscription","decl":{"start":{"line":15,"column":15},"end":{"line":15,"column":42}},"loc":{"start":{"line":18,"column":2},"end":{"line":38,"column":1}},"line":18}},"branchMap":{},"s":{"0":2,"1":2,"2":2,"3":2,"4":2,"5":0,"6":0,"7":0,"8":0,"9":0,"10":2},"f":{"0":0},"b":{},"_coverageSchema":"1a1c01bbd47fc00a2c39e90264f33305004495a9","hash":"71b8323b9ea8486d5fc24b64ed1e811cbbdc2389"}
,"C:\\Users\\rahma\\Coding Practice\\Lap 4\\Project\\mt-be-s1\\Services\\SpeechToText.js": {"path":"C:\\Users\\rahma\\Coding Practice\\Lap 4\\Project\\mt-be-s1\\Services\\SpeechToText.js","statementMap":{"0":{"start":{"line":1,"column":15},"end":{"line":1,"column":46}},"1":{"start":{"line":3,"column":15},"end":{"line":5,"column":2}},"2":{"start":{"line":8,"column":2},"end":{"line":31,"column":3}},"3":{"start":{"line":9,"column":23},"end":{"line":9,"column":55}},"4":{"start":{"line":11,"column":18},"end":{"line":13,"column":5}},"5":{"start":{"line":14,"column":19},"end":{"line":20,"column":5}},"6":{"start":{"line":21,"column":20},"end":{"line":24,"column":5}},"7":{"start":{"line":26,"column":23},"end":{"line":26,"column":54}},"8":{"start":{"line":27,"column":4},"end":{"line":27,"column":28}},"9":{"start":{"line":29,"column":4},"end":{"line":29,"column":35}},"10":{"start":{"line":30,"column":4},"end":{"line":30,"column":16}},"11":{"start":{"line":35,"column":2},"end":{"line":35,"column":42}},"12":{"start":{"line":39,"column":2},"end":{"line":39,"column":42}},"13":{"start":{"line":42,"column":0},"end":{"line":46,"column":2}}},"fnMap":{"0":{"name":"speechToText","decl":{"start":{"line":7,"column":15},"end":{"line":7,"column":27}},"loc":{"start":{"line":7,"column":53},"end":{"line":32,"column":1}},"line":7},"1":{"name":"transcribeGujarati","decl":{"start":{"line":34,"column":9},"end":{"line":34,"column":27}},"loc":{"start":{"line":34,"column":39},"end":{"line":36,"column":1}},"line":34},"2":{"name":"transcribeEnglish","decl":{"start":{"line":38,"column":9},"end":{"line":38,"column":26}},"loc":{"start":{"line":38,"column":38},"end":{"line":40,"column":1}},"line":38}},"branchMap":{},"s":{"0":3,"1":3,"2":3,"3":3,"4":3,"5":3,"6":3,"7":3,"8":2,"9":1,"10":1,"11":3,"12":0,"13":3},"f":{"0":3,"1":3,"2":0},"b":{},"_coverageSchema":"1a1c01bbd47fc00a2c39e90264f33305004495a9","hash":"9f9df979607d1d8656e9d90dbbb0bb5cd246fdbd"}
,"C:\\Users\\rahma\\Coding Practice\\Lap 4\\Project\\mt-be-s1\\Services\\TextToSpeech.js": {"path":"C:\\Users\\rahma\\Coding Practice\\Lap 4\\Project\\mt-be-s1\\Services\\TextToSpeech.js","statementMap":{"0":{"start":{"line":1,"column":11},"end":{"line":1,"column":24}},"1":{"start":{"line":2,"column":13},"end":{"line":2,"column":28}},"2":{"start":{"line":3,"column":15},"end":{"line":3,"column":32}},"3":{"start":{"line":4,"column":0},"end":{"line":4,"column":27}},"4":{"start":{"line":6,"column":15},"end":{"line":8,"column":2}},"5":{"start":{"line":9,"column":25},"end":{"line":9,"column":53}},"6":{"start":{"line":11,"column":0},"end":{"line":13,"column":1}},"7":{"start":{"line":12,"column":2},"end":{"line":12,"column":33}},"8":{"start":{"line":16,"column":2},"end":{"line":27,"column":3}},"9":{"start":{"line":17,"column":16},"end":{"line":21,"column":6}},"10":{"start":{"line":22,"column":19},"end":{"line":22,"column":55}},"11":{"start":{"line":23,"column":4},"end":{"line":23,"column":18}},"12":{"start":{"line":25,"column":4},"end":{"line":25,"column":35}},"13":{"start":{"line":26,"column":4},"end":{"line":26,"column":16}},"14":{"start":{"line":30,"column":0},"end":{"line":30,"column":34}}},"fnMap":{"0":{"name":"textToSpeech","decl":{"start":{"line":15,"column":15},"end":{"line":15,"column":27}},"loc":{"start":{"line":15,"column":34},"end":{"line":28,"column":1}},"line":15}},"branchMap":{"0":{"loc":{"start":{"line":11,"column":0},"end":{"line":13,"column":1}},"type":"if","locations":[{"start":{"line":11,"column":0},"end":{"line":13,"column":1}},{"start":{},"end":{}}],"line":11}},"s":{"0":2,"1":2,"2":2,"3":2,"4":2,"5":2,"6":2,"7":0,"8":0,"9":0,"10":0,"11":0,"12":0,"13":0,"14":2},"f":{"0":0},"b":{"0":[0,2]},"_coverageSchema":"1a1c01bbd47fc00a2c39e90264f33305004495a9","hash":"0f399c494c2d51318960fd02de0d68d5d6a0b74a"}
,"C:\\Users\\rahma\\Coding Practice\\Lap 4\\Project\\mt-be-s1\\controllers\\controller.js": {"path":"C:\\Users\\rahma\\Coding Practice\\Lap 4\\Project\\mt-be-s1\\controllers\\controller.js","statementMap":{"0":{"start":{"line":1,"column":50},"end":{"line":1,"column":85}},"1":{"start":{"line":2,"column":40},"end":{"line":2,"column":71}},"2":{"start":{"line":3,"column":25},"end":{"line":3,"column":60}},"3":{"start":{"line":11,"column":2},"end":{"line":13,"column":3}},"4":{"start":{"line":12,"column":4},"end":{"line":12,"column":53}},"5":{"start":{"line":14,"column":2},"end":{"line":48,"column":3}},"6":{"start":{"line":17,"column":26},"end":{"line":17,"column":41}},"7":{"start":{"line":20,"column":34},"end":{"line":20,"column":73}},"8":{"start":{"line":21,"column":33},"end":{"line":21,"column":71}},"9":{"start":{"line":30,"column":29},"end":{"line":30,"column":60}},"10":{"start":{"line":33,"column":31},"end":{"line":33,"column":67}},"11":{"start":{"line":39,"column":4},"end":{"line":44,"column":7}},"12":{"start":{"line":46,"column":4},"end":{"line":46,"column":54}},"13":{"start":{"line":47,"column":4},"end":{"line":47,"column":52}},"14":{"start":{"line":51,"column":0},"end":{"line":51,"column":29}}},"fnMap":{"0":{"name":"receive","decl":{"start":{"line":9,"column":15},"end":{"line":9,"column":22}},"loc":{"start":{"line":9,"column":33},"end":{"line":49,"column":1}},"line":9}},"branchMap":{"0":{"loc":{"start":{"line":11,"column":2},"end":{"line":13,"column":3}},"type":"if","locations":[{"start":{"line":11,"column":2},"end":{"line":13,"column":3}},{"start":{},"end":{}}],"line":11}},"s":{"0":2,"1":2,"2":2,"3":1,"4":1,"5":0,"6":0,"7":0,"8":0,"9":0,"10":0,"11":0,"12":0,"13":0,"14":2},"f":{"0":1},"b":{"0":[1,0]},"_coverageSchema":"1a1c01bbd47fc00a2c39e90264f33305004495a9","hash":"1d3eae142f54f3a884b69484879070dbc2388eed"}
,"C:\\Users\\rahma\\Coding Practice\\Lap 4\\Project\\mt-be-s1\\middleware\\logger.js": {"path":"C:\\Users\\rahma\\Coding Practice\\Lap 4\\Project\\mt-be-s1\\middleware\\logger.js","statementMap":{"0":{"start":{"line":2,"column":2},"end":{"line":2,"column":43}},"1":{"start":{"line":3,"column":2},"end":{"line":3,"column":9}},"2":{"start":{"line":6,"column":0},"end":{"line":6,"column":27}}},"fnMap":{"0":{"name":"logRoutes","decl":{"start":{"line":1,"column":9},"end":{"line":1,"column":18}},"loc":{"start":{"line":1,"column":35},"end":{"line":4,"column":1}},"line":1}},"branchMap":{},"s":{"0":4,"1":4,"2":3},"f":{"0":4},"b":{},"_coverageSchema":"1a1c01bbd47fc00a2c39e90264f33305004495a9","hash":"d0c7adcc03a692b105a445478004aa65702b62e7"}
}
