{"C:\\Users\\rahma\\Coding Practice\\Lap 4\\Project\\mt-be-s1\\Database\\connect.js": {"path":"C:\\Users\\rahma\\Coding Practice\\Lap 4\\Project\\mt-be-s1\\Database\\connect.js","statementMap":{"0":{"start":{"line":1,"column":17},"end":{"line":1,"column":30}},"1":{"start":{"line":3,"column":11},"end":{"line":8,"column":2}},"2":{"start":{"line":10,"column":0},"end":{"line":10,"column":20}}},"fnMap":{},"branchMap":{},"s":{"0":7,"1":7,"2":7},"f":{},"b":{},"_coverageSchema":"1a1c01bbd47fc00a2c39e90264f33305004495a9","hash":"325b7680002b9afed9d2e6a08d79eba1fa2ae284"}
,"C:\\Users\\rahma\\Coding Practice\\Lap 4\\Project\\mt-be-s1\\Database\\setup.js": {"path":"C:\\Users\\rahma\\Coding Practice\\Lap 4\\Project\\mt-be-s1\\Database\\setup.js","statementMap":{"0":{"start":{"line":1,"column":0},"end":{"line":1,"column":27}},"1":{"start":{"line":3,"column":11},"end":{"line":3,"column":24}},"2":{"start":{"line":5,"column":11},"end":{"line":5,"column":31}},"3":{"start":{"line":7,"column":12},"end":{"line":7,"column":65}},"4":{"start":{"line":9,"column":22},"end":{"line":18,"column":1}},"5":{"start":{"line":10,"column":2},"end":{"line":17,"column":3}},"6":{"start":{"line":11,"column":17},"end":{"line":11,"column":36}},"7":{"start":{"line":12,"column":4},"end":{"line":12,"column":34}},"8":{"start":{"line":14,"column":4},"end":{"line":14,"column":23}},"9":{"start":{"line":16,"column":4},"end":{"line":16,"column":13}},"10":{"start":{"line":20,"column":0},"end":{"line":20,"column":16}},"11":{"start":{"line":22,"column":0},"end":{"line":22,"column":31}}},"fnMap":{"0":{"name":"(anonymous_0)","decl":{"start":{"line":9,"column":22},"end":{"line":9,"column":23}},"loc":{"start":{"line":9,"column":34},"end":{"line":18,"column":1}},"line":9}},"branchMap":{},"s":{"0":1,"1":1,"2":1,"3":1,"4":1,"5":3,"6":3,"7":1,"8":1,"9":2,"10":1,"11":1},"f":{"0":3},"b":{},"_coverageSchema":"1a1c01bbd47fc00a2c39e90264f33305004495a9","hash":"60ce0170b846bb6dad324f571a820f998814d3de"}
,"C:\\Users\\rahma\\Coding Practice\\Lap 4\\Project\\mt-be-s1\\Models\\Conversations.js": {"path":"C:\\Users\\rahma\\Coding Practice\\Lap 4\\Project\\mt-be-s1\\Models\\Conversations.js","statementMap":{"0":{"start":{"line":1,"column":11},"end":{"line":1,"column":41}},"1":{"start":{"line":5,"column":8},"end":{"line":5,"column":45}},"2":{"start":{"line":6,"column":8},"end":{"line":6,"column":35}},"3":{"start":{"line":7,"column":8},"end":{"line":7,"column":51}},"4":{"start":{"line":8,"column":8},"end":{"line":8,"column":31}},"5":{"start":{"line":9,"column":8},"end":{"line":9,"column":33}},"6":{"start":{"line":13,"column":25},"end":{"line":13,"column":71}},"7":{"start":{"line":14,"column":8},"end":{"line":16,"column":9}},"8":{"start":{"line":15,"column":12},"end":{"line":15,"column":58}},"9":{"start":{"line":17,"column":8},"end":{"line":17,"column":59}},"10":{"start":{"line":17,"column":38},"end":{"line":17,"column":57}},"11":{"start":{"line":21,"column":25},"end":{"line":21,"column":97}},"12":{"start":{"line":23,"column":8},"end":{"line":25,"column":9}},"13":{"start":{"line":24,"column":12},"end":{"line":24,"column":75}},"14":{"start":{"line":27,"column":8},"end":{"line":27,"column":59}},"15":{"start":{"line":27,"column":38},"end":{"line":27,"column":57}},"16":{"start":{"line":31,"column":25},"end":{"line":31,"column":102}},"17":{"start":{"line":33,"column":8},"end":{"line":35,"column":9}},"18":{"start":{"line":34,"column":12},"end":{"line":34,"column":61}},"19":{"start":{"line":37,"column":8},"end":{"line":37,"column":50}},"20":{"start":{"line":41,"column":61},"end":{"line":41,"column":65}},"21":{"start":{"line":43,"column":26},"end":{"line":43,"column":36}},"22":{"start":{"line":45,"column":23},"end":{"line":45,"column":212}},"23":{"start":{"line":47,"column":8},"end":{"line":49,"column":9}},"24":{"start":{"line":48,"column":12},"end":{"line":48,"column":61}},"25":{"start":{"line":51,"column":8},"end":{"line":51,"column":50}},"26":{"start":{"line":55,"column":25},"end":{"line":56,"column":62}},"27":{"start":{"line":57,"column":8},"end":{"line":59,"column":9}},"28":{"start":{"line":58,"column":12},"end":{"line":58,"column":67}},"29":{"start":{"line":60,"column":8},"end":{"line":60,"column":50}},"30":{"start":{"line":64,"column":25},"end":{"line":64,"column":132}},"31":{"start":{"line":65,"column":8},"end":{"line":65,"column":50}},"32":{"start":{"line":70,"column":0},"end":{"line":70,"column":29}}},"fnMap":{"0":{"name":"(anonymous_0)","decl":{"start":{"line":4,"column":4},"end":{"line":4,"column":5}},"loc":{"start":{"line":4,"column":88},"end":{"line":10,"column":5}},"line":4},"1":{"name":"(anonymous_1)","decl":{"start":{"line":12,"column":4},"end":{"line":12,"column":5}},"loc":{"start":{"line":12,"column":26},"end":{"line":18,"column":5}},"line":12},"2":{"name":"(anonymous_2)","decl":{"start":{"line":17,"column":33},"end":{"line":17,"column":34}},"loc":{"start":{"line":17,"column":38},"end":{"line":17,"column":57}},"line":17},"3":{"name":"(anonymous_3)","decl":{"start":{"line":20,"column":4},"end":{"line":20,"column":5}},"loc":{"start":{"line":20,"column":31},"end":{"line":28,"column":5}},"line":20},"4":{"name":"(anonymous_4)","decl":{"start":{"line":27,"column":33},"end":{"line":27,"column":34}},"loc":{"start":{"line":27,"column":38},"end":{"line":27,"column":57}},"line":27},"5":{"name":"(anonymous_5)","decl":{"start":{"line":30,"column":4},"end":{"line":30,"column":5}},"loc":{"start":{"line":30,"column":32},"end":{"line":38,"column":5}},"line":30},"6":{"name":"(anonymous_6)","decl":{"start":{"line":40,"column":4},"end":{"line":40,"column":5}},"loc":{"start":{"line":40,"column":30},"end":{"line":52,"column":5}},"line":40},"7":{"name":"(anonymous_7)","decl":{"start":{"line":54,"column":4},"end":{"line":54,"column":5}},"loc":{"start":{"line":54,"column":23},"end":{"line":61,"column":5}},"line":54},"8":{"name":"(anonymous_8)","decl":{"start":{"line":63,"column":4},"end":{"line":63,"column":5}},"loc":{"start":{"line":63,"column":20},"end":{"line":66,"column":5}},"line":63}},"branchMap":{"0":{"loc":{"start":{"line":14,"column":8},"end":{"line":16,"column":9}},"type":"if","locations":[{"start":{"line":14,"column":8},"end":{"line":16,"column":9}},{"start":{},"end":{}}],"line":14},"1":{"loc":{"start":{"line":23,"column":8},"end":{"line":25,"column":9}},"type":"if","locations":[{"start":{"line":23,"column":8},"end":{"line":25,"column":9}},{"start":{},"end":{}}],"line":23},"2":{"loc":{"start":{"line":33,"column":8},"end":{"line":35,"column":9}},"type":"if","locations":[{"start":{"line":33,"column":8},"end":{"line":35,"column":9}},{"start":{},"end":{}}],"line":33},"3":{"loc":{"start":{"line":47,"column":8},"end":{"line":49,"column":9}},"type":"if","locations":[{"start":{"line":47,"column":8},"end":{"line":49,"column":9}},{"start":{},"end":{}}],"line":47},"4":{"loc":{"start":{"line":57,"column":8},"end":{"line":59,"column":9}},"type":"if","locations":[{"start":{"line":57,"column":8},"end":{"line":59,"column":9}},{"start":{},"end":{}}],"line":57}},"s":{"0":2,"1":9,"2":9,"3":9,"4":9,"5":9,"6":2,"7":2,"8":1,"9":1,"10":1,"11":2,"12":2,"13":1,"14":1,"15":1,"16":2,"17":2,"18":1,"19":1,"20":2,"21":2,"22":2,"23":2,"24":1,"25":1,"26":2,"27":2,"28":1,"29":1,"30":1,"31":1,"32":2},"f":{"0":9,"1":2,"2":1,"3":2,"4":1,"5":2,"6":2,"7":2,"8":1},"b":{"0":[1,1],"1":[1,1],"2":[1,1],"3":[1,1],"4":[1,1]},"_coverageSchema":"1a1c01bbd47fc00a2c39e90264f33305004495a9","hash":"812d54bd98c9d2e691e5006b5b7dd4ca6c13048f"}
,"C:\\Users\\rahma\\Coding Practice\\Lap 4\\Project\\mt-be-s1\\Models\\Profiles.js": {"path":"C:\\Users\\rahma\\Coding Practice\\Lap 4\\Project\\mt-be-s1\\Models\\Profiles.js","statementMap":{"0":{"start":{"line":1,"column":11},"end":{"line":1,"column":41}},"1":{"start":{"line":5,"column":8},"end":{"line":5,"column":35}},"2":{"start":{"line":6,"column":8},"end":{"line":6,"column":23}},"3":{"start":{"line":7,"column":8},"end":{"line":7,"column":25}},"4":{"start":{"line":8,"column":8},"end":{"line":8,"column":31}},"5":{"start":{"line":12,"column":25},"end":{"line":12,"column":66}},"6":{"start":{"line":13,"column":8},"end":{"line":15,"column":9}},"7":{"start":{"line":14,"column":12},"end":{"line":14,"column":53}},"8":{"start":{"line":16,"column":8},"end":{"line":16,"column":54}},"9":{"start":{"line":16,"column":38},"end":{"line":16,"column":52}},"10":{"start":{"line":20,"column":25},"end":{"line":20,"column":92}},"11":{"start":{"line":22,"column":8},"end":{"line":24,"column":9}},"12":{"start":{"line":23,"column":12},"end":{"line":23,"column":56}},"13":{"start":{"line":26,"column":8},"end":{"line":26,"column":45}},"14":{"start":{"line":30,"column":25},"end":{"line":30,"column":90}},"15":{"start":{"line":32,"column":8},"end":{"line":34,"column":9}},"16":{"start":{"line":33,"column":12},"end":{"line":33,"column":56}},"17":{"start":{"line":36,"column":8},"end":{"line":36,"column":45}},"18":{"start":{"line":40,"column":42},"end":{"line":40,"column":46}},"19":{"start":{"line":42,"column":32},"end":{"line":42,"column":98}},"20":{"start":{"line":43,"column":8},"end":{"line":45,"column":9}},"21":{"start":{"line":44,"column":12},"end":{"line":44,"column":52}},"22":{"start":{"line":47,"column":23},"end":{"line":47,"column":143}},"23":{"start":{"line":49,"column":8},"end":{"line":49,"column":45}},"24":{"start":{"line":53,"column":25},"end":{"line":54,"column":43}},"25":{"start":{"line":55,"column":8},"end":{"line":57,"column":9}},"26":{"start":{"line":56,"column":12},"end":{"line":56,"column":53}},"27":{"start":{"line":58,"column":8},"end":{"line":58,"column":45}},"28":{"start":{"line":62,"column":25},"end":{"line":62,"column":117}},"29":{"start":{"line":63,"column":8},"end":{"line":63,"column":45}},"30":{"start":{"line":68,"column":0},"end":{"line":68,"column":22}}},"fnMap":{"0":{"name":"(anonymous_0)","decl":{"start":{"line":4,"column":4},"end":{"line":4,"column":5}},"loc":{"start":{"line":4,"column":53},"end":{"line":9,"column":5}},"line":4},"1":{"name":"(anonymous_1)","decl":{"start":{"line":11,"column":4},"end":{"line":11,"column":5}},"loc":{"start":{"line":11,"column":26},"end":{"line":17,"column":5}},"line":11},"2":{"name":"(anonymous_2)","decl":{"start":{"line":16,"column":33},"end":{"line":16,"column":34}},"loc":{"start":{"line":16,"column":38},"end":{"line":16,"column":52}},"line":16},"3":{"name":"(anonymous_3)","decl":{"start":{"line":19,"column":4},"end":{"line":19,"column":5}},"loc":{"start":{"line":19,"column":32},"end":{"line":27,"column":5}},"line":19},"4":{"name":"(anonymous_4)","decl":{"start":{"line":29,"column":4},"end":{"line":29,"column":5}},"loc":{"start":{"line":29,"column":38},"end":{"line":37,"column":5}},"line":29},"5":{"name":"(anonymous_5)","decl":{"start":{"line":39,"column":4},"end":{"line":39,"column":5}},"loc":{"start":{"line":39,"column":30},"end":{"line":50,"column":5}},"line":39},"6":{"name":"(anonymous_6)","decl":{"start":{"line":52,"column":4},"end":{"line":52,"column":5}},"loc":{"start":{"line":52,"column":23},"end":{"line":59,"column":5}},"line":52},"7":{"name":"(anonymous_7)","decl":{"start":{"line":61,"column":4},"end":{"line":61,"column":5}},"loc":{"start":{"line":61,"column":20},"end":{"line":64,"column":5}},"line":61}},"branchMap":{"0":{"loc":{"start":{"line":13,"column":8},"end":{"line":15,"column":9}},"type":"if","locations":[{"start":{"line":13,"column":8},"end":{"line":15,"column":9}},{"start":{},"end":{}}],"line":13},"1":{"loc":{"start":{"line":22,"column":8},"end":{"line":24,"column":9}},"type":"if","locations":[{"start":{"line":22,"column":8},"end":{"line":24,"column":9}},{"start":{},"end":{}}],"line":22},"2":{"loc":{"start":{"line":32,"column":8},"end":{"line":34,"column":9}},"type":"if","locations":[{"start":{"line":32,"column":8},"end":{"line":34,"column":9}},{"start":{},"end":{}}],"line":32},"3":{"loc":{"start":{"line":43,"column":8},"end":{"line":45,"column":9}},"type":"if","locations":[{"start":{"line":43,"column":8},"end":{"line":45,"column":9}},{"start":{},"end":{}}],"line":43},"4":{"loc":{"start":{"line":55,"column":8},"end":{"line":57,"column":9}},"type":"if","locations":[{"start":{"line":55,"column":8},"end":{"line":57,"column":9}},{"start":{},"end":{}}],"line":55}},"s":{"0":2,"1":9,"2":9,"3":9,"4":9,"5":2,"6":2,"7":1,"8":1,"9":1,"10":2,"11":2,"12":1,"13":1,"14":2,"15":2,"16":1,"17":1,"18":2,"19":2,"20":2,"21":1,"22":1,"23":1,"24":2,"25":2,"26":1,"27":1,"28":1,"29":1,"30":2},"f":{"0":9,"1":2,"2":1,"3":2,"4":2,"5":2,"6":2,"7":1},"b":{"0":[1,1],"1":[1,1],"2":[1,1],"3":[1,1],"4":[1,1]},"_coverageSchema":"1a1c01bbd47fc00a2c39e90264f33305004495a9","hash":"8057bc15ab6e31e4835cb94ef519c2c5b7ada088"}
,"C:\\Users\\rahma\\Coding Practice\\Lap 4\\Project\\mt-be-s1\\Models\\Tokens.js": {"path":"C:\\Users\\rahma\\Coding Practice\\Lap 4\\Project\\mt-be-s1\\Models\\Tokens.js","statementMap":{"0":{"start":{"line":1,"column":23},"end":{"line":1,"column":38}},"1":{"start":{"line":3,"column":11},"end":{"line":3,"column":41}},"2":{"start":{"line":7,"column":8},"end":{"line":7,"column":33}},"3":{"start":{"line":8,"column":8},"end":{"line":8,"column":37}},"4":{"start":{"line":9,"column":8},"end":{"line":9,"column":27}},"5":{"start":{"line":13,"column":25},"end":{"line":13,"column":64}},"6":{"start":{"line":14,"column":8},"end":{"line":16,"column":9}},"7":{"start":{"line":15,"column":12},"end":{"line":15,"column":51}},"8":{"start":{"line":17,"column":8},"end":{"line":17,"column":52}},"9":{"start":{"line":17,"column":38},"end":{"line":17,"column":50}},"10":{"start":{"line":21,"column":25},"end":{"line":21,"column":91}},"11":{"start":{"line":22,"column":8},"end":{"line":26,"column":9}},"12":{"start":{"line":23,"column":12},"end":{"line":23,"column":55}},"13":{"start":{"line":25,"column":12},"end":{"line":25,"column":47}},"14":{"start":{"line":30,"column":25},"end":{"line":30,"column":89}},"15":{"start":{"line":32,"column":8},"end":{"line":32,"column":34}},"16":{"start":{"line":33,"column":8},"end":{"line":37,"column":9}},"17":{"start":{"line":34,"column":12},"end":{"line":34,"column":55}},"18":{"start":{"line":36,"column":12},"end":{"line":36,"column":47}},"19":{"start":{"line":41,"column":22},"end":{"line":41,"column":30}},"20":{"start":{"line":42,"column":25},"end":{"line":42,"column":131}},"21":{"start":{"line":43,"column":8},"end":{"line":43,"column":43}},"22":{"start":{"line":47,"column":25},"end":{"line":47,"column":100}},"23":{"start":{"line":48,"column":8},"end":{"line":52,"column":9}},"24":{"start":{"line":49,"column":12},"end":{"line":49,"column":55}},"25":{"start":{"line":51,"column":12},"end":{"line":51,"column":47}},"26":{"start":{"line":56,"column":0},"end":{"line":56,"column":23}}},"fnMap":{"0":{"name":"(anonymous_0)","decl":{"start":{"line":6,"column":4},"end":{"line":6,"column":5}},"loc":{"start":{"line":6,"column":49},"end":{"line":10,"column":5}},"line":6},"1":{"name":"(anonymous_1)","decl":{"start":{"line":12,"column":4},"end":{"line":12,"column":5}},"loc":{"start":{"line":12,"column":26},"end":{"line":18,"column":5}},"line":12},"2":{"name":"(anonymous_2)","decl":{"start":{"line":17,"column":33},"end":{"line":17,"column":34}},"loc":{"start":{"line":17,"column":38},"end":{"line":17,"column":50}},"line":17},"3":{"name":"(anonymous_3)","decl":{"start":{"line":20,"column":4},"end":{"line":20,"column":5}},"loc":{"start":{"line":20,"column":37},"end":{"line":27,"column":5}},"line":20},"4":{"name":"(anonymous_4)","decl":{"start":{"line":29,"column":4},"end":{"line":29,"column":5}},"loc":{"start":{"line":29,"column":38},"end":{"line":38,"column":5}},"line":29},"5":{"name":"(anonymous_5)","decl":{"start":{"line":40,"column":4},"end":{"line":40,"column":5}},"loc":{"start":{"line":40,"column":36},"end":{"line":44,"column":5}},"line":40},"6":{"name":"(anonymous_6)","decl":{"start":{"line":46,"column":4},"end":{"line":46,"column":5}},"loc":{"start":{"line":46,"column":25},"end":{"line":53,"column":5}},"line":46}},"branchMap":{"0":{"loc":{"start":{"line":14,"column":8},"end":{"line":16,"column":9}},"type":"if","locations":[{"start":{"line":14,"column":8},"end":{"line":16,"column":9}},{"start":{},"end":{}}],"line":14},"1":{"loc":{"start":{"line":22,"column":8},"end":{"line":26,"column":9}},"type":"if","locations":[{"start":{"line":22,"column":8},"end":{"line":26,"column":9}},{"start":{"line":24,"column":15},"end":{"line":26,"column":9}}],"line":22},"2":{"loc":{"start":{"line":33,"column":8},"end":{"line":37,"column":9}},"type":"if","locations":[{"start":{"line":33,"column":8},"end":{"line":37,"column":9}},{"start":{"line":35,"column":15},"end":{"line":37,"column":9}}],"line":33},"3":{"loc":{"start":{"line":48,"column":8},"end":{"line":52,"column":9}},"type":"if","locations":[{"start":{"line":48,"column":8},"end":{"line":52,"column":9}},{"start":{"line":50,"column":15},"end":{"line":52,"column":9}}],"line":48}},"s":{"0":3,"1":3,"2":7,"3":7,"4":7,"5":2,"6":2,"7":1,"8":1,"9":1,"10":2,"11":2,"12":1,"13":1,"14":2,"15":2,"16":2,"17":1,"18":1,"19":1,"20":1,"21":1,"22":2,"23":2,"24":1,"25":1,"26":3},"f":{"0":7,"1":2,"2":1,"3":2,"4":2,"5":1,"6":2},"b":{"0":[1,1],"1":[1,1],"2":[1,1],"3":[1,1]},"_coverageSchema":"1a1c01bbd47fc00a2c39e90264f33305004495a9","hash":"4144709b1ca4118a76f5c9bf205eafb45bf3a547"}
,"C:\\Users\\rahma\\Coding Practice\\Lap 4\\Project\\mt-be-s1\\Models\\voicenotes.js": {"path":"C:\\Users\\rahma\\Coding Practice\\Lap 4\\Project\\mt-be-s1\\Models\\voicenotes.js","statementMap":{"0":{"start":{"line":1,"column":11},"end":{"line":1,"column":41}},"1":{"start":{"line":5,"column":4},"end":{"line":5,"column":43}},"2":{"start":{"line":6,"column":4},"end":{"line":6,"column":29}},"3":{"start":{"line":7,"column":4},"end":{"line":7,"column":33}},"4":{"start":{"line":11,"column":21},"end":{"line":11,"column":60}},"5":{"start":{"line":12,"column":4},"end":{"line":14,"column":5}},"6":{"start":{"line":13,"column":6},"end":{"line":13,"column":46}},"7":{"start":{"line":15,"column":4},"end":{"line":15,"column":55}},"8":{"start":{"line":15,"column":36},"end":{"line":15,"column":53}},"9":{"start":{"line":19,"column":21},"end":{"line":22,"column":5}},"10":{"start":{"line":24,"column":4},"end":{"line":26,"column":5}},"11":{"start":{"line":25,"column":6},"end":{"line":25,"column":71}},"12":{"start":{"line":28,"column":4},"end":{"line":28,"column":55}},"13":{"start":{"line":28,"column":36},"end":{"line":28,"column":53}},"14":{"start":{"line":32,"column":21},"end":{"line":35,"column":5}},"15":{"start":{"line":37,"column":4},"end":{"line":39,"column":5}},"16":{"start":{"line":38,"column":6},"end":{"line":38,"column":50}},"17":{"start":{"line":41,"column":4},"end":{"line":41,"column":44}},"18":{"start":{"line":45,"column":54},"end":{"line":45,"column":58}},"19":{"start":{"line":47,"column":19},"end":{"line":50,"column":5}},"20":{"start":{"line":52,"column":4},"end":{"line":54,"column":5}},"21":{"start":{"line":53,"column":6},"end":{"line":53,"column":58}},"22":{"start":{"line":56,"column":4},"end":{"line":56,"column":44}},"23":{"start":{"line":60,"column":21},"end":{"line":63,"column":5}},"24":{"start":{"line":64,"column":4},"end":{"line":66,"column":5}},"25":{"start":{"line":65,"column":6},"end":{"line":65,"column":54}},"26":{"start":{"line":67,"column":4},"end":{"line":67,"column":44}},"27":{"start":{"line":71,"column":21},"end":{"line":74,"column":5}},"28":{"start":{"line":75,"column":4},"end":{"line":75,"column":44}},"29":{"start":{"line":79,"column":0},"end":{"line":79,"column":28}}},"fnMap":{"0":{"name":"(anonymous_0)","decl":{"start":{"line":4,"column":2},"end":{"line":4,"column":3}},"loc":{"start":{"line":4,"column":57},"end":{"line":8,"column":3}},"line":4},"1":{"name":"(anonymous_1)","decl":{"start":{"line":10,"column":2},"end":{"line":10,"column":3}},"loc":{"start":{"line":10,"column":24},"end":{"line":16,"column":3}},"line":10},"2":{"name":"(anonymous_2)","decl":{"start":{"line":15,"column":29},"end":{"line":15,"column":30}},"loc":{"start":{"line":15,"column":36},"end":{"line":15,"column":53}},"line":15},"3":{"name":"(anonymous_3)","decl":{"start":{"line":18,"column":2},"end":{"line":18,"column":3}},"loc":{"start":{"line":18,"column":37},"end":{"line":29,"column":3}},"line":18},"4":{"name":"(anonymous_4)","decl":{"start":{"line":28,"column":29},"end":{"line":28,"column":30}},"loc":{"start":{"line":28,"column":36},"end":{"line":28,"column":53}},"line":28},"5":{"name":"(anonymous_5)","decl":{"start":{"line":31,"column":2},"end":{"line":31,"column":3}},"loc":{"start":{"line":31,"column":30},"end":{"line":42,"column":3}},"line":31},"6":{"name":"(anonymous_6)","decl":{"start":{"line":44,"column":2},"end":{"line":44,"column":3}},"loc":{"start":{"line":44,"column":28},"end":{"line":57,"column":3}},"line":44},"7":{"name":"(anonymous_7)","decl":{"start":{"line":59,"column":2},"end":{"line":59,"column":3}},"loc":{"start":{"line":59,"column":21},"end":{"line":68,"column":3}},"line":59},"8":{"name":"(anonymous_8)","decl":{"start":{"line":70,"column":2},"end":{"line":70,"column":3}},"loc":{"start":{"line":70,"column":18},"end":{"line":76,"column":3}},"line":70}},"branchMap":{"0":{"loc":{"start":{"line":12,"column":4},"end":{"line":14,"column":5}},"type":"if","locations":[{"start":{"line":12,"column":4},"end":{"line":14,"column":5}},{"start":{},"end":{}}],"line":12},"1":{"loc":{"start":{"line":24,"column":4},"end":{"line":26,"column":5}},"type":"if","locations":[{"start":{"line":24,"column":4},"end":{"line":26,"column":5}},{"start":{},"end":{}}],"line":24},"2":{"loc":{"start":{"line":37,"column":4},"end":{"line":39,"column":5}},"type":"if","locations":[{"start":{"line":37,"column":4},"end":{"line":39,"column":5}},{"start":{},"end":{}}],"line":37},"3":{"loc":{"start":{"line":52,"column":4},"end":{"line":54,"column":5}},"type":"if","locations":[{"start":{"line":52,"column":4},"end":{"line":54,"column":5}},{"start":{},"end":{}}],"line":52},"4":{"loc":{"start":{"line":64,"column":4},"end":{"line":66,"column":5}},"type":"if","locations":[{"start":{"line":64,"column":4},"end":{"line":66,"column":5}},{"start":{},"end":{}}],"line":64}},"s":{"0":2,"1":9,"2":9,"3":9,"4":2,"5":2,"6":1,"7":1,"8":1,"9":2,"10":2,"11":1,"12":1,"13":1,"14":2,"15":2,"16":1,"17":1,"18":2,"19":2,"20":2,"21":1,"22":1,"23":2,"24":2,"25":1,"26":1,"27":1,"28":1,"29":2},"f":{"0":9,"1":2,"2":1,"3":2,"4":1,"5":2,"6":2,"7":2,"8":1},"b":{"0":[1,1],"1":[1,1],"2":[1,1],"3":[1,1],"4":[1,1]},"_coverageSchema":"1a1c01bbd47fc00a2c39e90264f33305004495a9","hash":"0ac82ab812b2d305f1fbc2d3ea9bac3ef42113a7"}
,"C:\\Users\\rahma\\Coding Practice\\Lap 4\\Project\\mt-be-s1\\Services\\PromptAI.js": {"path":"C:\\Users\\rahma\\Coding Practice\\Lap 4\\Project\\mt-be-s1\\Services\\PromptAI.js","statementMap":{"0":{"start":{"line":1,"column":15},"end":{"line":1,"column":32}},"1":{"start":{"line":2,"column":0},"end":{"line":2,"column":27}},"2":{"start":{"line":4,"column":15},"end":{"line":6,"column":2}},"3":{"start":{"line":7,"column":26},"end":{"line":49,"column":1}},"4":{"start":{"line":54,"column":2},"end":{"line":58,"column":5}},"5":{"start":{"line":59,"column":25},"end":{"line":63,"column":4}},"6":{"start":{"line":64,"column":16},"end":{"line":64,"column":69}},"7":{"start":{"line":65,"column":2},"end":{"line":68,"column":5}},"8":{"start":{"line":70,"column":2},"end":{"line":70,"column":21}},"9":{"start":{"line":71,"column":2},"end":{"line":71,"column":15}},"10":{"start":{"line":74,"column":0},"end":{"line":74,"column":68}}},"fnMap":{"0":{"name":"callOpenAIWithTranscription","decl":{"start":{"line":50,"column":15},"end":{"line":50,"column":42}},"loc":{"start":{"line":53,"column":2},"end":{"line":72,"column":1}},"line":53}},"branchMap":{},"s":{"0":1,"1":1,"2":1,"3":1,"4":1,"5":1,"6":1,"7":1,"8":1,"9":1,"10":1},"f":{"0":1},"b":{},"_coverageSchema":"1a1c01bbd47fc00a2c39e90264f33305004495a9","hash":"6e63b2e52c0398274b3abcfd5939536fe0ac02db"}
,"C:\\Users\\rahma\\Coding Practice\\Lap 4\\Project\\mt-be-s1\\Services\\SpeechToText.js": {"path":"C:\\Users\\rahma\\Coding Practice\\Lap 4\\Project\\mt-be-s1\\Services\\SpeechToText.js","statementMap":{"0":{"start":{"line":1,"column":15},"end":{"line":1,"column":46}},"1":{"start":{"line":3,"column":15},"end":{"line":5,"column":2}},"2":{"start":{"line":8,"column":2},"end":{"line":31,"column":3}},"3":{"start":{"line":9,"column":23},"end":{"line":9,"column":55}},"4":{"start":{"line":11,"column":18},"end":{"line":13,"column":5}},"5":{"start":{"line":14,"column":19},"end":{"line":16,"column":5}},"6":{"start":{"line":17,"column":20},"end":{"line":20,"column":5}},"7":{"start":{"line":22,"column":23},"end":{"line":22,"column":54}},"8":{"start":{"line":23,"column":24},"end":{"line":25,"column":5}},"9":{"start":{"line":24,"column":18},"end":{"line":24,"column":51}},"10":{"start":{"line":26,"column":4},"end":{"line":26,"column":29}},"11":{"start":{"line":27,"column":4},"end":{"line":27,"column":23}},"12":{"start":{"line":29,"column":4},"end":{"line":29,"column":35}},"13":{"start":{"line":30,"column":4},"end":{"line":30,"column":16}},"14":{"start":{"line":34,"column":2},"end":{"line":34,"column":42}},"15":{"start":{"line":38,"column":2},"end":{"line":38,"column":42}},"16":{"start":{"line":41,"column":0},"end":{"line":45,"column":2}}},"fnMap":{"0":{"name":"speechToText","decl":{"start":{"line":7,"column":15},"end":{"line":7,"column":27}},"loc":{"start":{"line":7,"column":53},"end":{"line":32,"column":1}},"line":7},"1":{"name":"(anonymous_1)","decl":{"start":{"line":24,"column":6},"end":{"line":24,"column":7}},"loc":{"start":{"line":24,"column":18},"end":{"line":24,"column":51}},"line":24},"2":{"name":"transcribeGujarati","decl":{"start":{"line":33,"column":9},"end":{"line":33,"column":27}},"loc":{"start":{"line":33,"column":39},"end":{"line":35,"column":1}},"line":33},"3":{"name":"transcribeEnglish","decl":{"start":{"line":37,"column":9},"end":{"line":37,"column":26}},"loc":{"start":{"line":37,"column":38},"end":{"line":39,"column":1}},"line":37}},"branchMap":{},"s":{"0":1,"1":1,"2":3,"3":3,"4":3,"5":3,"6":3,"7":3,"8":2,"9":2,"10":2,"11":2,"12":1,"13":1,"14":2,"15":1,"16":1},"f":{"0":3,"1":2,"2":2,"3":1},"b":{},"_coverageSchema":"1a1c01bbd47fc00a2c39e90264f33305004495a9","hash":"c0b548411d7d04c50909e601b7a6b981b27b736f"}
,"C:\\Users\\rahma\\Coding Practice\\Lap 4\\Project\\mt-be-s1\\controllers\\audios.js": {"path":"C:\\Users\\rahma\\Coding Practice\\Lap 4\\Project\\mt-be-s1\\controllers\\audios.js","statementMap":{"0":{"start":{"line":1,"column":19},"end":{"line":1,"column":53}},"1":{"start":{"line":4,"column":2},"end":{"line":9,"column":3}},"2":{"start":{"line":5,"column":23},"end":{"line":5,"column":48}},"3":{"start":{"line":6,"column":4},"end":{"line":6,"column":37}},"4":{"start":{"line":8,"column":4},"end":{"line":8,"column":47}},"5":{"start":{"line":13,"column":2},"end":{"line":19,"column":3}},"6":{"start":{"line":14,"column":13},"end":{"line":14,"column":26}},"7":{"start":{"line":15,"column":23},"end":{"line":15,"column":61}},"8":{"start":{"line":16,"column":4},"end":{"line":16,"column":37}},"9":{"start":{"line":18,"column":4},"end":{"line":18,"column":47}},"10":{"start":{"line":23,"column":2},"end":{"line":29,"column":3}},"11":{"start":{"line":24,"column":13},"end":{"line":24,"column":26}},"12":{"start":{"line":25,"column":23},"end":{"line":25,"column":54}},"13":{"start":{"line":26,"column":4},"end":{"line":26,"column":37}},"14":{"start":{"line":28,"column":4},"end":{"line":28,"column":47}},"15":{"start":{"line":33,"column":2},"end":{"line":39,"column":3}},"16":{"start":{"line":34,"column":17},"end":{"line":34,"column":25}},"17":{"start":{"line":35,"column":26},"end":{"line":35,"column":55}},"18":{"start":{"line":36,"column":4},"end":{"line":36,"column":40}},"19":{"start":{"line":38,"column":4},"end":{"line":38,"column":47}},"20":{"start":{"line":43,"column":2},"end":{"line":51,"column":3}},"21":{"start":{"line":44,"column":15},"end":{"line":44,"column":28}},"22":{"start":{"line":45,"column":17},"end":{"line":45,"column":25}},"23":{"start":{"line":46,"column":23},"end":{"line":46,"column":54}},"24":{"start":{"line":47,"column":19},"end":{"line":47,"column":48}},"25":{"start":{"line":48,"column":4},"end":{"line":48,"column":33}},"26":{"start":{"line":50,"column":4},"end":{"line":50,"column":47}},"27":{"start":{"line":55,"column":2},"end":{"line":62,"column":3}},"28":{"start":{"line":56,"column":15},"end":{"line":56,"column":28}},"29":{"start":{"line":57,"column":23},"end":{"line":57,"column":54}},"30":{"start":{"line":58,"column":19},"end":{"line":58,"column":45}},"31":{"start":{"line":59,"column":4},"end":{"line":59,"column":26}},"32":{"start":{"line":61,"column":4},"end":{"line":61,"column":47}},"33":{"start":{"line":65,"column":0},"end":{"line":65,"column":76}}},"fnMap":{"0":{"name":"index","decl":{"start":{"line":3,"column":15},"end":{"line":3,"column":20}},"loc":{"start":{"line":3,"column":31},"end":{"line":10,"column":1}},"line":3},"1":{"name":"showConversation","decl":{"start":{"line":12,"column":15},"end":{"line":12,"column":31}},"loc":{"start":{"line":12,"column":42},"end":{"line":20,"column":1}},"line":12},"2":{"name":"show","decl":{"start":{"line":22,"column":15},"end":{"line":22,"column":19}},"loc":{"start":{"line":22,"column":30},"end":{"line":30,"column":1}},"line":22},"3":{"name":"create","decl":{"start":{"line":32,"column":15},"end":{"line":32,"column":21}},"loc":{"start":{"line":32,"column":32},"end":{"line":40,"column":1}},"line":32},"4":{"name":"update","decl":{"start":{"line":42,"column":15},"end":{"line":42,"column":21}},"loc":{"start":{"line":42,"column":32},"end":{"line":52,"column":1}},"line":42},"5":{"name":"destroy","decl":{"start":{"line":54,"column":15},"end":{"line":54,"column":22}},"loc":{"start":{"line":54,"column":33},"end":{"line":63,"column":1}},"line":54}},"branchMap":{},"s":{"0":1,"1":2,"2":2,"3":1,"4":1,"5":2,"6":2,"7":2,"8":1,"9":1,"10":2,"11":2,"12":2,"13":1,"14":1,"15":2,"16":2,"17":2,"18":1,"19":1,"20":1,"21":1,"22":1,"23":1,"24":0,"25":0,"26":1,"27":2,"28":2,"29":2,"30":1,"31":1,"32":1,"33":1},"f":{"0":2,"1":2,"2":2,"3":2,"4":1,"5":2},"b":{},"_coverageSchema":"1a1c01bbd47fc00a2c39e90264f33305004495a9","hash":"284c3e57b962751acfdc3e503b398f4a25c34b3a"}
,"C:\\Users\\rahma\\Coding Practice\\Lap 4\\Project\\mt-be-s1\\controllers\\conversations.js": {"path":"C:\\Users\\rahma\\Coding Practice\\Lap 4\\Project\\mt-be-s1\\controllers\\conversations.js","statementMap":{"0":{"start":{"line":1,"column":21},"end":{"line":1,"column":55}},"1":{"start":{"line":4,"column":4},"end":{"line":9,"column":5}},"2":{"start":{"line":5,"column":30},"end":{"line":5,"column":57}},"3":{"start":{"line":6,"column":8},"end":{"line":6,"column":44}},"4":{"start":{"line":8,"column":8},"end":{"line":8,"column":48}},"5":{"start":{"line":13,"column":4},"end":{"line":19,"column":5}},"6":{"start":{"line":14,"column":17},"end":{"line":14,"column":30}},"7":{"start":{"line":15,"column":30},"end":{"line":15,"column":62}},"8":{"start":{"line":16,"column":8},"end":{"line":16,"column":43}},"9":{"start":{"line":18,"column":8},"end":{"line":18,"column":48}},"10":{"start":{"line":23,"column":4},"end":{"line":29,"column":5}},"11":{"start":{"line":24,"column":17},"end":{"line":24,"column":30}},"12":{"start":{"line":25,"column":29},"end":{"line":25,"column":62}},"13":{"start":{"line":26,"column":8},"end":{"line":26,"column":42}},"14":{"start":{"line":28,"column":8},"end":{"line":28,"column":48}},"15":{"start":{"line":33,"column":4},"end":{"line":39,"column":5}},"16":{"start":{"line":34,"column":21},"end":{"line":34,"column":29}},"17":{"start":{"line":35,"column":32},"end":{"line":35,"column":63}},"18":{"start":{"line":36,"column":8},"end":{"line":36,"column":46}},"19":{"start":{"line":38,"column":8},"end":{"line":38,"column":49}},"20":{"start":{"line":43,"column":4},"end":{"line":51,"column":5}},"21":{"start":{"line":44,"column":19},"end":{"line":44,"column":32}},"22":{"start":{"line":45,"column":21},"end":{"line":45,"column":29}},"23":{"start":{"line":46,"column":29},"end":{"line":46,"column":62}},"24":{"start":{"line":47,"column":23},"end":{"line":47,"column":54}},"25":{"start":{"line":48,"column":8},"end":{"line":48,"column":37}},"26":{"start":{"line":50,"column":8},"end":{"line":50,"column":48}},"27":{"start":{"line":55,"column":4},"end":{"line":62,"column":5}},"28":{"start":{"line":56,"column":19},"end":{"line":56,"column":32}},"29":{"start":{"line":57,"column":29},"end":{"line":57,"column":62}},"30":{"start":{"line":58,"column":23},"end":{"line":58,"column":51}},"31":{"start":{"line":59,"column":8},"end":{"line":59,"column":30}},"32":{"start":{"line":61,"column":8},"end":{"line":61,"column":48}},"33":{"start":{"line":65,"column":0},"end":{"line":65,"column":64}}},"fnMap":{"0":{"name":"index","decl":{"start":{"line":3,"column":15},"end":{"line":3,"column":20}},"loc":{"start":{"line":3,"column":31},"end":{"line":10,"column":1}},"line":3},"1":{"name":"showUser","decl":{"start":{"line":12,"column":15},"end":{"line":12,"column":23}},"loc":{"start":{"line":12,"column":35},"end":{"line":20,"column":1}},"line":12},"2":{"name":"show","decl":{"start":{"line":22,"column":15},"end":{"line":22,"column":19}},"loc":{"start":{"line":22,"column":31},"end":{"line":30,"column":1}},"line":22},"3":{"name":"create","decl":{"start":{"line":32,"column":15},"end":{"line":32,"column":21}},"loc":{"start":{"line":32,"column":33},"end":{"line":40,"column":1}},"line":32},"4":{"name":"update","decl":{"start":{"line":42,"column":15},"end":{"line":42,"column":21}},"loc":{"start":{"line":42,"column":33},"end":{"line":52,"column":1}},"line":42},"5":{"name":"destroy","decl":{"start":{"line":54,"column":15},"end":{"line":54,"column":22}},"loc":{"start":{"line":54,"column":34},"end":{"line":63,"column":1}},"line":54}},"branchMap":{},"s":{"0":1,"1":2,"2":2,"3":1,"4":1,"5":2,"6":2,"7":2,"8":1,"9":1,"10":2,"11":2,"12":2,"13":1,"14":1,"15":2,"16":2,"17":2,"18":1,"19":1,"20":2,"21":2,"22":2,"23":2,"24":1,"25":1,"26":1,"27":2,"28":2,"29":2,"30":1,"31":1,"32":1,"33":1},"f":{"0":2,"1":2,"2":2,"3":2,"4":2,"5":2},"b":{},"_coverageSchema":"1a1c01bbd47fc00a2c39e90264f33305004495a9","hash":"442cc586d2c0abb50a31a6215b0ee624288b2510"}
,"C:\\Users\\rahma\\Coding Practice\\Lap 4\\Project\\mt-be-s1\\controllers\\profiles.js": {"path":"C:\\Users\\rahma\\Coding Practice\\Lap 4\\Project\\mt-be-s1\\controllers\\profiles.js","statementMap":{"0":{"start":{"line":1,"column":15},"end":{"line":1,"column":32}},"1":{"start":{"line":3,"column":16},"end":{"line":3,"column":45}},"2":{"start":{"line":4,"column":14},"end":{"line":4,"column":41}},"3":{"start":{"line":7,"column":2},"end":{"line":12,"column":3}},"4":{"start":{"line":8,"column":21},"end":{"line":8,"column":43}},"5":{"start":{"line":9,"column":4},"end":{"line":9,"column":35}},"6":{"start":{"line":11,"column":4},"end":{"line":11,"column":47}},"7":{"start":{"line":16,"column":2},"end":{"line":22,"column":3}},"8":{"start":{"line":17,"column":13},"end":{"line":17,"column":26}},"9":{"start":{"line":18,"column":20},"end":{"line":18,"column":48}},"10":{"start":{"line":19,"column":4},"end":{"line":19,"column":34}},"11":{"start":{"line":21,"column":4},"end":{"line":21,"column":47}},"12":{"start":{"line":26,"column":15},"end":{"line":26,"column":23}},"13":{"start":{"line":28,"column":2},"end":{"line":43,"column":3}},"14":{"start":{"line":29,"column":20},"end":{"line":29,"column":59}},"15":{"start":{"line":30,"column":26},"end":{"line":33,"column":5}},"16":{"start":{"line":35,"column":4},"end":{"line":40,"column":5}},"17":{"start":{"line":36,"column":6},"end":{"line":36,"column":48}},"18":{"start":{"line":38,"column":20},"end":{"line":38,"column":58}},"19":{"start":{"line":39,"column":6},"end":{"line":39,"column":72}},"20":{"start":{"line":42,"column":4},"end":{"line":42,"column":47}},"21":{"start":{"line":47,"column":2},"end":{"line":55,"column":3}},"22":{"start":{"line":48,"column":17},"end":{"line":48,"column":25}},"23":{"start":{"line":49,"column":17},"end":{"line":49,"column":72}},"24":{"start":{"line":50,"column":4},"end":{"line":50,"column":65}},"25":{"start":{"line":51,"column":23},"end":{"line":51,"column":49}},"26":{"start":{"line":52,"column":4},"end":{"line":52,"column":37}},"27":{"start":{"line":54,"column":4},"end":{"line":54,"column":47}},"28":{"start":{"line":59,"column":2},"end":{"line":67,"column":3}},"29":{"start":{"line":60,"column":15},"end":{"line":60,"column":28}},"30":{"start":{"line":61,"column":17},"end":{"line":61,"column":25}},"31":{"start":{"line":62,"column":20},"end":{"line":62,"column":48}},"32":{"start":{"line":63,"column":19},"end":{"line":63,"column":45}},"33":{"start":{"line":64,"column":4},"end":{"line":64,"column":33}},"34":{"start":{"line":66,"column":4},"end":{"line":66,"column":47}},"35":{"start":{"line":71,"column":2},"end":{"line":78,"column":3}},"36":{"start":{"line":72,"column":15},"end":{"line":72,"column":28}},"37":{"start":{"line":73,"column":20},"end":{"line":73,"column":48}},"38":{"start":{"line":74,"column":19},"end":{"line":74,"column":42}},"39":{"start":{"line":75,"column":4},"end":{"line":75,"column":26}},"40":{"start":{"line":77,"column":4},"end":{"line":77,"column":47}},"41":{"start":{"line":81,"column":0},"end":{"line":81,"column":65}}},"fnMap":{"0":{"name":"index","decl":{"start":{"line":6,"column":15},"end":{"line":6,"column":20}},"loc":{"start":{"line":6,"column":31},"end":{"line":13,"column":1}},"line":6},"1":{"name":"show","decl":{"start":{"line":15,"column":15},"end":{"line":15,"column":19}},"loc":{"start":{"line":15,"column":30},"end":{"line":23,"column":1}},"line":15},"2":{"name":"login","decl":{"start":{"line":25,"column":15},"end":{"line":25,"column":20}},"loc":{"start":{"line":25,"column":31},"end":{"line":44,"column":1}},"line":25},"3":{"name":"create","decl":{"start":{"line":46,"column":15},"end":{"line":46,"column":21}},"loc":{"start":{"line":46,"column":32},"end":{"line":56,"column":1}},"line":46},"4":{"name":"update","decl":{"start":{"line":58,"column":15},"end":{"line":58,"column":21}},"loc":{"start":{"line":58,"column":32},"end":{"line":68,"column":1}},"line":58},"5":{"name":"destroy","decl":{"start":{"line":70,"column":15},"end":{"line":70,"column":22}},"loc":{"start":{"line":70,"column":33},"end":{"line":79,"column":1}},"line":70}},"branchMap":{"0":{"loc":{"start":{"line":35,"column":4},"end":{"line":40,"column":5}},"type":"if","locations":[{"start":{"line":35,"column":4},"end":{"line":40,"column":5}},{"start":{"line":37,"column":11},"end":{"line":40,"column":5}}],"line":35}},"s":{"0":1,"1":1,"2":1,"3":2,"4":2,"5":1,"6":1,"7":2,"8":2,"9":2,"10":1,"11":1,"12":2,"13":2,"14":2,"15":2,"16":2,"17":1,"18":1,"19":1,"20":1,"21":2,"22":2,"23":2,"24":2,"25":2,"26":1,"27":1,"28":2,"29":2,"30":2,"31":2,"32":1,"33":1,"34":1,"35":2,"36":2,"37":2,"38":1,"39":1,"40":1,"41":1},"f":{"0":2,"1":2,"2":2,"3":2,"4":2,"5":2},"b":{"0":[1,1]},"_coverageSchema":"1a1c01bbd47fc00a2c39e90264f33305004495a9","hash":"b72a5230dd04a58a2f31f570d691cc338a176d54"}
,"C:\\Users\\rahma\\Coding Practice\\Lap 4\\Project\\mt-be-s1\\controllers\\tokens.js": {"path":"C:\\Users\\rahma\\Coding Practice\\Lap 4\\Project\\mt-be-s1\\controllers\\tokens.js","statementMap":{"0":{"start":{"line":1,"column":14},"end":{"line":1,"column":41}},"1":{"start":{"line":4,"column":4},"end":{"line":9,"column":5}},"2":{"start":{"line":5,"column":23},"end":{"line":5,"column":43}},"3":{"start":{"line":6,"column":8},"end":{"line":6,"column":37}},"4":{"start":{"line":8,"column":8},"end":{"line":8,"column":48}},"5":{"start":{"line":13,"column":4},"end":{"line":21,"column":5}},"6":{"start":{"line":14,"column":20},"end":{"line":14,"column":36}},"7":{"start":{"line":15,"column":8},"end":{"line":15,"column":37}},"8":{"start":{"line":16,"column":24},"end":{"line":16,"column":56}},"9":{"start":{"line":17,"column":8},"end":{"line":17,"column":44}},"10":{"start":{"line":18,"column":8},"end":{"line":18,"column":37}},"11":{"start":{"line":20,"column":8},"end":{"line":20,"column":48}},"12":{"start":{"line":25,"column":4},"end":{"line":31,"column":5}},"13":{"start":{"line":26,"column":19},"end":{"line":26,"column":32}},"14":{"start":{"line":27,"column":25},"end":{"line":27,"column":47}},"15":{"start":{"line":28,"column":8},"end":{"line":28,"column":39}},"16":{"start":{"line":30,"column":8},"end":{"line":30,"column":49}},"17":{"start":{"line":35,"column":4},"end":{"line":44,"column":5}},"18":{"start":{"line":36,"column":8},"end":{"line":36,"column":28}},"19":{"start":{"line":37,"column":26},"end":{"line":37,"column":42}},"20":{"start":{"line":38,"column":22},"end":{"line":38,"column":58}},"21":{"start":{"line":39,"column":8},"end":{"line":39,"column":39}},"22":{"start":{"line":40,"column":23},"end":{"line":40,"column":53}},"23":{"start":{"line":41,"column":8},"end":{"line":41,"column":30}},"24":{"start":{"line":43,"column":8},"end":{"line":43,"column":48}},"25":{"start":{"line":47,"column":0},"end":{"line":47,"column":47}}},"fnMap":{"0":{"name":"index","decl":{"start":{"line":3,"column":15},"end":{"line":3,"column":20}},"loc":{"start":{"line":3,"column":31},"end":{"line":10,"column":1}},"line":3},"1":{"name":"show","decl":{"start":{"line":12,"column":15},"end":{"line":12,"column":19}},"loc":{"start":{"line":12,"column":31},"end":{"line":22,"column":1}},"line":12},"2":{"name":"create","decl":{"start":{"line":24,"column":15},"end":{"line":24,"column":21}},"loc":{"start":{"line":24,"column":33},"end":{"line":32,"column":1}},"line":24},"3":{"name":"destroy","decl":{"start":{"line":34,"column":15},"end":{"line":34,"column":22}},"loc":{"start":{"line":34,"column":34},"end":{"line":45,"column":1}},"line":34}},"branchMap":{},"s":{"0":1,"1":2,"2":2,"3":1,"4":1,"5":2,"6":2,"7":2,"8":2,"9":1,"10":1,"11":1,"12":2,"13":2,"14":2,"15":1,"16":1,"17":2,"18":2,"19":2,"20":2,"21":1,"22":1,"23":1,"24":1,"25":1},"f":{"0":2,"1":2,"2":2,"3":2},"b":{},"_coverageSchema":"1a1c01bbd47fc00a2c39e90264f33305004495a9","hash":"9208fa1fbba8e882d770ab90e03412fb57927a94"}
,"C:\\Users\\rahma\\Coding Practice\\Lap 4\\Project\\mt-be-s1\\middleware\\logger.js": {"path":"C:\\Users\\rahma\\Coding Practice\\Lap 4\\Project\\mt-be-s1\\middleware\\logger.js","statementMap":{"0":{"start":{"line":2,"column":2},"end":{"line":2,"column":43}},"1":{"start":{"line":3,"column":2},"end":{"line":3,"column":9}},"2":{"start":{"line":6,"column":0},"end":{"line":6,"column":27}}},"fnMap":{"0":{"name":"logRoutes","decl":{"start":{"line":1,"column":9},"end":{"line":1,"column":18}},"loc":{"start":{"line":1,"column":35},"end":{"line":4,"column":1}},"line":1}},"branchMap":{},"s":{"0":1,"1":1,"2":1},"f":{"0":1},"b":{},"_coverageSchema":"1a1c01bbd47fc00a2c39e90264f33305004495a9","hash":"d0c7adcc03a692b105a445478004aa65702b62e7"}
}
