TN:
SF:app.js
FN:41,(anonymous_0)
FN:52,(anonymous_1)
FNF:2
FNH:1
FNDA:1,(anonymous_0)
FNDA:0,(anonymous_1)
DA:1,2
DA:2,2
DA:3,2
DA:4,2
DA:5,2
DA:6,2
DA:7,2
DA:9,2
DA:10,2
DA:12,2
DA:13,2
DA:15,2
DA:16,2
DA:17,2
DA:18,2
DA:20,2
DA:22,2
DA:23,0
DA:26,2
DA:29,2
DA:30,2
DA:31,2
DA:32,2
DA:34,2
DA:35,2
DA:36,2
DA:38,2
DA:39,2
DA:41,2
DA:42,1
DA:49,2
DA:52,2
DA:53,0
DA:56,2
DA:57,2
DA:58,2
DA:60,2
LF:37
LH:35
BRDA:22,0,0,0
BRDA:22,0,1,2
BRF:2
BRH:1
end_of_record
TN:
SF:index.js
FN:6,(anonymous_0)
FNF:1
FNH:1
FNDA:1,(anonymous_0)
DA:1,1
DA:3,1
DA:5,1
DA:6,1
DA:7,1
LF:5
LH:5
BRDA:5,0,0,1
BRDA:5,0,1,0
BRF:2
BRH:1
end_of_record
TN:
SF:Database\connect.js
FNF:0
FNH:0
DA:1,4
DA:3,4
DA:10,4
LF:3
LH:3
BRF:0
BRH:0
end_of_record
TN:
SF:Database\setup.js
FN:9,(anonymous_0)
FNF:1
FNH:1
FNDA:3,(anonymous_0)
DA:1,1
DA:3,1
DA:5,1
DA:7,1
DA:9,1
DA:10,3
DA:11,3
DA:12,1
DA:14,1
DA:16,2
DA:20,1
DA:22,1
LF:12
LH:12
BRF:0
BRH:0
end_of_record
TN:
SF:Models\Conversations.js
FN:4,(anonymous_0)
FN:12,(anonymous_1)
FN:17,(anonymous_2)
FN:20,(anonymous_3)
FN:27,(anonymous_4)
FN:30,(anonymous_5)
FN:40,(anonymous_6)
FN:54,(anonymous_7)
FN:63,(anonymous_8)
FNF:9
FNH:9
FNDA:9,(anonymous_0)
FNDA:2,(anonymous_1)
FNDA:1,(anonymous_2)
FNDA:2,(anonymous_3)
FNDA:1,(anonymous_4)
FNDA:2,(anonymous_5)
FNDA:2,(anonymous_6)
FNDA:2,(anonymous_7)
FNDA:1,(anonymous_8)
DA:1,3
DA:5,9
DA:6,9
DA:7,9
DA:8,9
DA:9,9
DA:13,2
DA:14,2
DA:15,1
DA:17,1
DA:21,2
DA:23,2
DA:24,1
DA:27,1
DA:31,2
DA:33,2
DA:34,1
DA:37,1
DA:41,2
DA:43,2
DA:45,2
DA:47,2
DA:48,1
DA:51,1
DA:55,2
DA:57,2
DA:58,1
DA:60,1
DA:64,1
DA:65,1
DA:70,3
LF:31
LH:31
BRDA:14,0,0,1
BRDA:14,0,1,1
BRDA:23,1,0,1
BRDA:23,1,1,1
BRDA:33,2,0,1
BRDA:33,2,1,1
BRDA:47,3,0,1
BRDA:47,3,1,1
BRDA:57,4,0,1
BRDA:57,4,1,1
BRF:10
BRH:10
end_of_record
TN:
SF:Models\Profiles.js
FN:4,(anonymous_0)
FN:11,(anonymous_1)
FN:16,(anonymous_2)
FN:19,(anonymous_3)
FN:29,(anonymous_4)
FN:39,(anonymous_5)
FN:52,(anonymous_6)
FN:61,(anonymous_7)
FNF:8
FNH:0
FNDA:0,(anonymous_0)
FNDA:0,(anonymous_1)
FNDA:0,(anonymous_2)
FNDA:0,(anonymous_3)
FNDA:0,(anonymous_4)
FNDA:0,(anonymous_5)
FNDA:0,(anonymous_6)
FNDA:0,(anonymous_7)
DA:1,2
DA:5,0
DA:6,0
DA:7,0
DA:8,0
DA:12,0
DA:13,0
DA:14,0
DA:16,0
DA:20,0
DA:22,0
DA:23,0
DA:26,0
DA:30,0
DA:32,0
DA:33,0
DA:36,0
DA:40,0
DA:42,0
DA:43,0
DA:44,0
DA:47,0
DA:49,0
DA:53,0
DA:55,0
DA:56,0
DA:58,0
DA:62,0
DA:63,0
DA:68,2
LF:30
LH:2
BRDA:13,0,0,0
BRDA:13,0,1,0
BRDA:22,1,0,0
BRDA:22,1,1,0
BRDA:32,2,0,0
BRDA:32,2,1,0
BRDA:43,3,0,0
BRDA:43,3,1,0
BRDA:55,4,0,0
BRDA:55,4,1,0
BRF:10
BRH:0
end_of_record
TN:
SF:Models\Tokens.js
FN:6,(anonymous_0)
FN:12,(anonymous_1)
FN:17,(anonymous_2)
FN:20,(anonymous_3)
FN:29,(anonymous_4)
FN:40,(anonymous_5)
FN:46,(anonymous_6)
FNF:7
FNH:0
FNDA:0,(anonymous_0)
FNDA:0,(anonymous_1)
FNDA:0,(anonymous_2)
FNDA:0,(anonymous_3)
FNDA:0,(anonymous_4)
FNDA:0,(anonymous_5)
FNDA:0,(anonymous_6)
DA:1,2
DA:3,2
DA:7,0
DA:8,0
DA:9,0
DA:13,0
DA:14,0
DA:15,0
DA:17,0
DA:21,0
DA:22,0
DA:23,0
DA:25,0
DA:30,0
DA:32,0
DA:33,0
DA:34,0
DA:36,0
DA:41,0
DA:42,0
DA:43,0
DA:47,0
DA:48,0
DA:49,0
DA:51,0
DA:56,2
LF:26
LH:3
BRDA:14,0,0,0
BRDA:14,0,1,0
BRDA:22,1,0,0
BRDA:22,1,1,0
BRDA:33,2,0,0
BRDA:33,2,1,0
BRDA:48,3,0,0
BRDA:48,3,1,0
BRF:8
BRH:0
end_of_record
TN:
SF:Models\voicenotes.js
FN:4,(anonymous_0)
FN:11,(anonymous_1)
FN:16,(anonymous_2)
FN:19,(anonymous_3)
FN:29,(anonymous_4)
FN:32,(anonymous_5)
FN:45,(anonymous_6)
FN:60,(anonymous_7)
FN:71,(anonymous_8)
FNF:9
FNH:0
FNDA:0,(anonymous_0)
FNDA:0,(anonymous_1)
FNDA:0,(anonymous_2)
FNDA:0,(anonymous_3)
FNDA:0,(anonymous_4)
FNDA:0,(anonymous_5)
FNDA:0,(anonymous_6)
FNDA:0,(anonymous_7)
FNDA:0,(anonymous_8)
DA:1,2
DA:5,0
DA:6,0
DA:7,0
DA:8,0
DA:12,0
DA:13,0
DA:14,0
DA:16,0
DA:20,0
DA:25,0
DA:26,0
DA:29,0
DA:33,0
DA:38,0
DA:39,0
DA:42,0
DA:46,0
DA:48,0
DA:53,0
DA:54,0
DA:57,0
DA:61,0
DA:65,0
DA:66,0
DA:68,0
DA:72,0
DA:76,0
DA:80,2
LF:29
LH:2
BRDA:13,0,0,0
BRDA:13,0,1,0
BRDA:25,1,0,0
BRDA:25,1,1,0
BRDA:38,2,0,0
BRDA:38,2,1,0
BRDA:53,3,0,0
BRDA:53,3,1,0
BRDA:65,4,0,0
BRDA:65,4,1,0
BRF:10
BRH:0
end_of_record
TN:
SF:Services\PromptAI.js
FN:50,callOpenAIWithTranscription
FNF:1
FNH:1
FNDA:1,callOpenAIWithTranscription
DA:1,3
DA:2,3
DA:4,3
DA:7,3
DA:54,1
DA:59,1
DA:64,1
DA:65,1
DA:70,1
DA:71,1
DA:74,3
LF:11
LH:11
BRF:0
BRH:0
end_of_record
TN:
SF:Services\SpeechToText.js
FN:7,speechToText
FN:24,(anonymous_1)
FN:33,transcribeGujarati
FN:37,transcribeEnglish
FNF:4
FNH:0
FNDA:0,speechToText
FNDA:0,(anonymous_1)
FNDA:0,transcribeGujarati
FNDA:0,transcribeEnglish
DA:1,2
DA:3,2
DA:8,0
DA:9,0
DA:11,0
DA:14,0
DA:17,0
DA:22,0
DA:23,0
DA:24,0
DA:26,0
DA:27,0
DA:29,0
DA:30,0
DA:34,0
DA:38,0
DA:41,2
LF:17
LH:3
BRF:0
BRH:0
end_of_record
TN:
SF:Services\TextToSpeech.js
FN:15,textToSpeech
FNF:1
FNH:0
FNDA:0,textToSpeech
DA:1,2
DA:2,2
DA:3,2
DA:4,2
DA:6,2
DA:9,2
DA:11,2
DA:12,0
DA:16,0
DA:17,0
DA:22,0
DA:23,0
DA:25,0
DA:26,0
DA:30,2
LF:15
LH:8
BRDA:11,0,0,0
BRDA:11,0,1,2
BRF:2
BRH:1
end_of_record
TN:
SF:controllers\audios.js
FN:3,index
FN:12,showUser
FN:22,show
FN:32,create
FN:42,update
FN:54,destroy
FNF:6
FNH:0
FNDA:0,index
FNDA:0,showUser
FNDA:0,show
FNDA:0,create
FNDA:0,update
FNDA:0,destroy
DA:1,2
DA:4,0
DA:5,0
DA:6,0
DA:8,0
DA:13,0
DA:14,0
DA:15,0
DA:16,0
DA:18,0
DA:23,0
DA:24,0
DA:25,0
DA:26,0
DA:28,0
DA:33,0
DA:34,0
DA:35,0
DA:36,0
DA:38,0
DA:43,0
DA:44,0
DA:45,0
DA:46,0
DA:47,0
DA:48,0
DA:50,0
DA:55,0
DA:56,0
DA:57,0
DA:58,0
DA:59,0
DA:61,0
DA:65,2
LF:34
LH:2
BRF:0
BRH:0
end_of_record
TN:
SF:controllers\controller.js
FN:8,receive
FNF:1
FNH:1
FNDA:1,receive
DA:4,2
DA:5,2
DA:6,2
DA:11,1
DA:12,1
DA:14,0
DA:17,0
DA:20,0
DA:21,0
DA:24,0
DA:30,0
DA:32,0
DA:38,0
DA:39,0
DA:43,2
LF:15
LH:6
BRDA:11,0,0,1
BRDA:11,0,1,0
BRF:2
BRH:1
end_of_record
TN:
SF:controllers\conversations.js
FN:3,index
FN:12,showUser
FN:22,show
FN:32,create
FN:42,update
FN:54,destroy
FNF:6
FNH:0
FNDA:0,index
FNDA:0,showUser
FNDA:0,show
FNDA:0,create
FNDA:0,update
FNDA:0,destroy
DA:1,2
DA:4,0
DA:5,0
DA:6,0
DA:8,0
DA:13,0
DA:14,0
DA:15,0
DA:16,0
DA:18,0
DA:23,0
DA:24,0
DA:25,0
DA:26,0
DA:28,0
DA:33,0
DA:34,0
DA:35,0
DA:36,0
DA:38,0
DA:43,0
DA:44,0
DA:45,0
DA:46,0
DA:47,0
DA:48,0
DA:50,0
DA:55,0
DA:56,0
DA:57,0
DA:58,0
DA:59,0
DA:61,0
DA:65,2
LF:34
LH:2
BRF:0
BRH:0
end_of_record
TN:
SF:controllers\profiles.js
FN:6,index
FN:15,show
FN:25,login
FN:48,create
FN:60,update
FN:72,destroy
FNF:6
FNH:0
FNDA:0,index
FNDA:0,show
FNDA:0,login
FNDA:0,create
FNDA:0,update
FNDA:0,destroy
DA:1,2
DA:3,2
DA:4,2
DA:7,0
DA:8,0
DA:9,0
DA:11,0
DA:16,0
DA:17,0
DA:18,0
DA:19,0
DA:21,0
DA:26,0
DA:28,0
DA:29,0
DA:30,0
DA:35,0
DA:37,0
DA:38,0
DA:40,0
DA:41,0
DA:44,0
DA:49,0
DA:50,0
DA:51,0
DA:52,0
DA:53,0
DA:54,0
DA:56,0
DA:61,0
DA:62,0
DA:63,0
DA:64,0
DA:65,0
DA:66,0
DA:68,0
DA:73,0
DA:74,0
DA:75,0
DA:76,0
DA:77,0
DA:79,0
DA:83,2
LF:43
LH:4
BRDA:37,0,0,0
BRDA:37,0,1,0
BRF:2
BRH:0
end_of_record
TN:
SF:controllers\tokens.js
FN:3,index
FN:12,show
FN:24,create
FN:34,destroy
FNF:4
FNH:0
FNDA:0,index
FNDA:0,show
FNDA:0,create
FNDA:0,destroy
DA:1,2
DA:4,0
DA:5,0
DA:6,0
DA:8,0
DA:13,0
DA:14,0
DA:15,0
DA:16,0
DA:17,0
DA:18,0
DA:20,0
DA:25,0
DA:26,0
DA:27,0
DA:28,0
DA:30,0
DA:35,0
DA:36,0
DA:37,0
DA:38,0
DA:39,0
DA:40,0
DA:41,0
DA:43,0
DA:47,2
LF:26
LH:2
BRF:0
BRH:0
end_of_record
TN:
SF:middleware\logger.js
FN:1,logRoutes
FNF:1
FNH:1
FNDA:4,logRoutes
DA:2,4
DA:3,4
DA:6,3
LF:3
LH:3
BRF:0
BRH:0
end_of_record
TN:
SF:routers\conversations.js
FNF:0
FNH:0
DA:1,2
DA:2,2
DA:4,2
DA:6,2
DA:7,2
DA:8,2
DA:9,2
DA:10,2
DA:11,2
DA:13,2
LF:10
LH:10
BRF:0
BRH:0
end_of_record
TN:
SF:routers\profiles.js
FNF:0
FNH:0
DA:1,2
DA:2,2
DA:4,2
DA:6,2
DA:7,2
DA:8,2
DA:9,2
DA:10,2
DA:11,2
DA:13,2
LF:10
LH:10
BRF:0
BRH:0
end_of_record
TN:
SF:routers\tokens.js
FNF:0
FNH:0
DA:1,2
DA:2,2
DA:4,2
DA:6,2
DA:7,2
DA:8,2
DA:9,2
DA:11,2
LF:8
LH:8
BRF:0
BRH:0
end_of_record
TN:
SF:routers\voiceNotes.js
FNF:0
FNH:0
DA:1,2
DA:2,2
DA:4,2
DA:6,2
DA:7,2
DA:8,2
DA:9,2
DA:10,2
DA:11,2
DA:13,2
LF:10
LH:10
BRF:0
BRH:0
end_of_record
