TN:
SF:app.js
FN:31,(anonymous_0)
FN:46,(anonymous_1)
FNF:2
FNH:1
FNDA:1,(anonymous_0)
FNDA:0,(anonymous_1)
DA:1,2
DA:2,2
DA:3,2
DA:4,2
DA:6,2
DA:7,2
DA:9,2
DA:10,2
DA:11,2
DA:12,2
DA:14,2
DA:16,2
DA:17,0
DA:20,2
DA:23,2
DA:24,2
DA:25,2
DA:26,2
DA:28,2
DA:29,2
DA:31,2
DA:32,1
DA:39,2
DA:40,2
DA:43,2
DA:46,2
DA:47,0
DA:50,2
LF:28
LH:26
BRDA:16,0,0,0
BRDA:16,0,1,2
BRF:2
BRH:1
end_of_record
TN:
SF:index.js
FN:6,(anonymous_0)
FNF:1
FNH:1
FNDA:1,(anonymous_0)
DA:1,1
DA:3,1
DA:5,1
DA:6,1
DA:7,1
LF:5
LH:5
BRDA:5,0,0,1
BRDA:5,0,1,0
BRF:2
BRH:1
end_of_record
TN:
SF:Database\connect.js
FNF:0
FNH:0
DA:1,4
DA:3,4
DA:10,4
LF:3
LH:3
BRF:0
BRH:0
end_of_record
TN:
SF:Database\setup.js
FN:9,(anonymous_0)
FNF:1
FNH:1
FNDA:3,(anonymous_0)
DA:1,1
DA:3,1
DA:5,1
DA:7,1
DA:9,1
DA:10,3
DA:11,3
DA:12,1
DA:14,1
DA:16,2
DA:20,1
DA:22,1
LF:12
LH:12
BRF:0
BRH:0
end_of_record
TN:
SF:Models\Token.js
FN:6,(anonymous_0)
FN:12,(anonymous_1)
FN:24,(anonymous_2)
FN:36,(anonymous_3)
FNF:4
FNH:0
FNDA:0,(anonymous_0)
FNDA:0,(anonymous_1)
FNDA:0,(anonymous_2)
FNDA:0,(anonymous_3)
DA:1,2
DA:3,2
DA:7,0
DA:8,0
DA:9,0
DA:13,0
DA:14,0
DA:18,0
DA:19,0
DA:20,0
DA:21,0
DA:25,0
DA:29,0
DA:30,0
DA:32,0
DA:37,0
DA:40,0
DA:41,0
DA:43,0
DA:48,2
LF:20
LH:3
BRDA:29,0,0,0
BRDA:29,0,1,0
BRDA:40,1,0,0
BRDA:40,1,1,0
BRF:4
BRH:0
end_of_record
TN:
SF:Models\auth.js
FN:4,(anonymous_0)
FN:10,(anonymous_1)
FN:20,(anonymous_2)
FN:30,(anonymous_3)
FNF:4
FNH:0
FNDA:0,(anonymous_0)
FNDA:0,(anonymous_1)
FNDA:0,(anonymous_2)
FNDA:0,(anonymous_3)
DA:1,2
DA:5,0
DA:6,0
DA:7,0
DA:11,0
DA:14,0
DA:15,0
DA:17,0
DA:21,0
DA:24,0
DA:25,0
DA:27,0
DA:31,0
DA:32,0
DA:36,0
DA:37,0
DA:38,0
DA:42,2
LF:18
LH:2
BRDA:14,0,0,0
BRDA:14,0,1,0
BRDA:24,1,0,0
BRDA:24,1,1,0
BRF:4
BRH:0
end_of_record
TN:
SF:Services\PromptAI.js
FN:14,callOpenAIWithTranscription
FNF:1
FNH:1
FNDA:1,callOpenAIWithTranscription
DA:1,3
DA:2,3
DA:4,3
DA:7,3
DA:18,1
DA:24,1
DA:29,1
DA:30,0
DA:35,0
DA:36,0
DA:39,3
LF:11
LH:8
BRF:0
BRH:0
end_of_record
TN:
SF:Services\SpeechToText.js
FN:7,speechToText
FN:24,(anonymous_1)
FN:33,transcribeGujarati
FN:37,transcribeEnglish
FNF:4
FNH:4
FNDA:3,speechToText
FNDA:2,(anonymous_1)
FNDA:2,transcribeGujarati
FNDA:1,transcribeEnglish
DA:1,3
DA:3,3
DA:8,3
DA:9,3
DA:11,3
DA:14,3
DA:17,3
DA:22,3
DA:23,2
DA:24,2
DA:26,2
DA:27,2
DA:29,1
DA:30,1
DA:34,2
DA:38,1
DA:41,3
LF:17
LH:17
BRF:0
BRH:0
end_of_record
TN:
SF:Services\TextToSpeech.js
FN:15,textToSpeech
FNF:1
FNH:0
FNDA:0,textToSpeech
DA:1,2
DA:2,2
DA:3,2
DA:4,2
DA:6,2
DA:9,2
DA:11,2
DA:12,0
DA:16,0
DA:17,0
DA:22,0
DA:23,0
DA:25,0
DA:26,0
DA:30,2
LF:15
LH:8
BRDA:11,0,0,0
BRDA:11,0,1,2
BRF:2
BRH:1
end_of_record
TN:
SF:controllers\authController.js
FN:5,register
FN:19,login
FNF:2
FNH:0
FNDA:0,register
FNDA:0,login
DA:1,2
DA:3,2
DA:4,2
DA:6,0
DA:7,0
DA:9,0
DA:10,0
DA:12,0
DA:13,0
DA:15,0
DA:20,0
DA:21,0
DA:22,0
DA:23,0
DA:25,0
DA:26,0
DA:28,0
DA:29,0
DA:31,0
DA:33,0
DA:36,0
DA:40,2
LF:22
LH:4
BRDA:25,0,0,0
BRDA:25,0,1,0
BRF:2
BRH:0
end_of_record
TN:
SF:controllers\controller.js
FN:8,receive
FNF:1
FNH:1
FNDA:1,receive
DA:4,2
DA:5,2
DA:6,2
DA:11,1
DA:12,1
DA:14,0
DA:17,0
DA:20,0
DA:21,0
DA:24,0
DA:30,0
DA:32,0
DA:38,0
DA:39,0
DA:43,2
LF:15
LH:6
BRDA:11,0,0,1
BRDA:11,0,1,0
BRF:2
BRH:1
end_of_record
TN:
SF:middleware\logger.js
FN:1,logRoutes
FNF:1
FNH:1
FNDA:4,logRoutes
DA:2,4
DA:3,4
DA:6,3
LF:3
LH:3
BRF:0
BRH:0
end_of_record
